c:\users\matt\documents\visual studio 2013\projects\2d game engine\debug\vc120.pdb
c:\users\matt\documents\visual studio 2013\projects\2d game engine\debug\vc120.idb
c:\users\matt\documents\visual studio 2013\projects\2d game engine\debug\cbutton.obj
c:\users\matt\documents\visual studio 2013\projects\2d game engine\debug\cintrostate.obj
c:\users\matt\documents\visual studio 2013\projects\2d game engine\debug\coregame.obj
c:\users\matt\documents\visual studio 2013\projects\2d game engine\debug\cparticle.obj
c:\users\matt\documents\visual studio 2013\projects\2d game engine\debug\cparticlesys.obj
c:\users\matt\documents\visual studio 2013\projects\2d game engine\debug\cparticlesysman.obj
c:\users\matt\documents\visual studio 2013\projects\2d game engine\debug\ctexture.obj
c:\users\matt\documents\visual studio 2013\projects\2d game engine\debug\globals.obj
c:\users\matt\documents\visual studio 2013\projects\2d game engine\debug\main.obj
c:\users\matt\documents\visual studio 2013\projects\2d game engine\debug\2d game engine.ilk
c:\users\matt\documents\visual studio 2013\projects\2d game engine\debug\2d game engine.exe
c:\users\matt\documents\visual studio 2013\projects\2d game engine\debug\2d game engine.pdb
c:\users\matt\documents\visual studio 2013\projects\2d game engine\debug\2d game engine.tlog\cl.command.1.tlog
c:\users\matt\documents\visual studio 2013\projects\2d game engine\debug\2d game engine.tlog\cl.read.1.tlog
c:\users\matt\documents\visual studio 2013\projects\2d game engine\debug\2d game engine.tlog\cl.write.1.tlog
c:\users\matt\documents\visual studio 2013\projects\2d game engine\debug\2d game engine.tlog\link.command.1.tlog
c:\users\matt\documents\visual studio 2013\projects\2d game engine\debug\2d game engine.tlog\link.read.1.tlog
c:\users\matt\documents\visual studio 2013\projects\2d game engine\debug\2d game engine.tlog\link.write.1.tlog
