Build started 11/8/2014 9:37:04 PM.
     1>Project "C:\Users\Matt\Documents\Visual Studio 2013\Projects\2D Game Engine\2D Game Engine.vcxproj" on node 2 (Rebuild target(s)).
     1>ClCompile:
         C:\Program Files (x86)\Microsoft Visual Studio 12.0\VC\bin\CL.exe /c /ZI /nologo /W3 /WX- /sdl /Od /Oy- /D _MBCS /Gm /EHsc /RTC1 /MDd /GS /fp:precise /Zc:wchar_t /Zc:forScope /Fo"Debug\\" /Fd"Debug\vc120.pdb" /Gd /TP /analyze- /errorReport:prompt CButton.cpp CIntroState.cpp CoreGame.cpp CParticle.cpp CParticleSys.cpp CParticleSysMan.cpp CTexture.cpp Globals.cpp Main.cpp
         Main.cpp
         Globals.cpp
         CTexture.cpp
         CParticleSysMan.cpp
         CParticleSys.cpp
         CParticle.cpp
         CoreGame.cpp
         CIntroState.cpp
         CButton.cpp
         Generating Code...
       Link:
         C:\Program Files (x86)\Microsoft Visual Studio 12.0\VC\bin\link.exe /ERRORREPORT:PROMPT /OUT:"C:\Users\Matt\Documents\Visual Studio 2013\Projects\2D Game Engine\Debug\2D Game Engine.exe" /INCREMENTAL /NOLOGO SDL2.lib SDL2main.lib SDL2_image.lib SDL2_ttf.lib SDL2_mixer.lib kernel32.lib user32.lib gdi32.lib winspool.lib comdlg32.lib advapi32.lib shell32.lib ole32.lib oleaut32.lib uuid.lib odbc32.lib odbccp32.lib /MANIFEST /MANIFESTUAC:"level='asInvoker' uiAccess='false'" /manifest:embed /DEBUG /PDB:"C:\Users\Matt\Documents\Visual Studio 2013\Projects\2D Game Engine\Debug\2D Game Engine.pdb" /SUBSYSTEM:WINDOWS /TLBID:1 /DYNAMICBASE /NXCOMPAT /IMPLIB:"C:\Users\Matt\Documents\Visual Studio 2013\Projects\2D Game Engine\Debug\2D Game Engine.lib" /MACHINE:X86 Debug\CButton.obj
         Debug\CIntroState.obj
         Debug\CoreGame.obj
         Debug\CParticle.obj
         Debug\CParticleSys.obj
         Debug\CParticleSysMan.obj
         Debug\CTexture.obj
         Debug\Globals.obj
         Debug\Main.obj
     1>MSVCRTD.lib(cinitexe.obj) : warning LNK4098: defaultlib 'msvcrt.lib' conflicts with use of other libs; use /NODEFAULTLIB:library
         2D Game Engine.vcxproj -> C:\Users\Matt\Documents\Visual Studio 2013\Projects\2D Game Engine\Debug\2D Game Engine.exe
     1>Done Building Project "C:\Users\Matt\Documents\Visual Studio 2013\Projects\2D Game Engine\2D Game Engine.vcxproj" (Rebuild target(s)).

Build succeeded.

Time Elapsed 00:00:04.58
